<?xml version="1.0" encoding="UTF-8" ?>
<testsuite tests="13" failures="0" name="apitestrestassured.runner.TestRunner" time="0.028" errors="0" skipped="13">
  <properties>
    <property name="java.runtime.name" value="OpenJDK Runtime Environment"/>
    <property name="java.vm.version" value="15.0.1+9-18"/>
    <property name="sun.boot.library.path" value="C:\Users\us-guest\.p2\pool\plugins\org.eclipse.justj.openjdk.hotspot.jre.full.win32.x86_64_15.0.1.v20201027-0507\jre\bin"/>
    <property name="maven.multiModuleProjectDirectory" value="C:\Users\us-guest\eclipse-workspace\apitestrestassured"/>
    <property name="java.vm.vendor" value="Oracle Corporation"/>
    <property name="java.vendor.url" value="https://java.oracle.com/"/>
    <property name="guice.disable.misplaced.annotation.check" value="true"/>
    <property name="path.separator" value=";"/>
    <property name="java.vm.name" value="OpenJDK 64-Bit Server VM"/>
    <property name="sun.os.patch.level" value=""/>
    <property name="user.script" value=""/>
    <property name="user.country" value="US"/>
    <property name="sun.java.launcher" value="SUN_STANDARD"/>
    <property name="java.vm.specification.name" value="Java Virtual Machine Specification"/>
    <property name="user.dir" value="C:\Users\us-guest\eclipse-workspace\apitestrestassured"/>
    <property name="java.vm.compressedOopsMode" value="Zero based"/>
    <property name="java.runtime.version" value="15.0.1+9-18"/>
    <property name="os.arch" value="amd64"/>
    <property name="java.io.tmpdir" value="C:\Users\us-guest\AppData\Local\Temp\"/>
    <property name="line.separator" value="
"/>
    <property name="java.vm.specification.vendor" value="Oracle Corporation"/>
    <property name="user.variant" value=""/>
    <property name="os.name" value="Windows 10"/>
    <property name="classworlds.conf" value="C:\Users\us-guest\eclipse-workspace\.metadata\.plugins\org.eclipse.m2e.launching\launches\m2conf12107137803813207801.tmp"/>
    <property name="sun.jnu.encoding" value="Cp1252"/>
    <property name="java.library.path" value="C:\Users\us-guest\.p2\pool\plugins\org.eclipse.justj.openjdk.hotspot.jre.full.win32.x86_64_15.0.1.v20201027-0507\jre\bin;C:\Windows\Sun\Java\bin;C:\Windows\system32;C:\Windows;C:/Users/us-guest/.p2/pool/plugins/org.eclipse.justj.openjdk.hotspot.jre.full.win32.x86_64_15.0.1.v20201027-0507/jre/bin/server;C:/Users/us-guest/.p2/pool/plugins/org.eclipse.justj.openjdk.hotspot.jre.full.win32.x86_64_15.0.1.v20201027-0507/jre/bin;C:/Users/us-guest/AppData/Local/Temp/eoi55EB.tmp//plugins/org.eclipse.justj.openjdk.hotspot.jre.minimal.stripped.win32.x86_64_15.0.1.v20201027-0507/jre/bin/server;C:/Users/us-guest/AppData/Local/Temp/eoi55EB.tmp//plugins/org.eclipse.justj.openjdk.hotspot.jre.minimal.stripped.win32.x86_64_15.0.1.v20201027-0507/jre/bin;C:\Program Files (x86)\Common Files\Oracle\Java\javapath;C:\Windows\system32;C:\Windows;C:\Windows\System32\Wbem;C:\Windows\System32\WindowsPowerShell\v1.0\;C:\Windows\System32\OpenSSH\;C:\Users\us-guest\AppData\Local\Microsoft\WindowsApps;;C:\Users\us-guest\AppData\Local\Programs\Microsoft VS Code\bin;C:\Users\us-guest\Downloads;;C:\Users\us-guest\Downloads;;."/>
    <property name="jdk.debug" value="release"/>
    <property name="java.class.version" value="59.0"/>
    <property name="java.specification.name" value="Java Platform API Specification"/>
    <property name="sun.management.compiler" value="HotSpot 64-Bit Tiered Compilers"/>
    <property name="os.version" value="10.0"/>
    <property name="user.home" value="C:\Users\us-guest"/>
    <property name="user.timezone" value="America/Chicago"/>
    <property name="file.encoding" value="Cp1252"/>
    <property name="java.specification.version" value="15"/>
    <property name="user.name" value="us-guest"/>
    <property name="java.class.path" value="C:\Users\us-guest\.p2\pool\plugins\org.eclipse.m2e.maven.runtime_1.16.0.20200610-1735\jars\plexus-classworlds-2.6.0.jar"/>
    <property name="java.vm.specification.version" value="15"/>
    <property name="sun.arch.data.model" value="64"/>
    <property name="sun.java.command" value="org.codehaus.plexus.classworlds.launcher.Launcher -B test"/>
    <property name="java.home" value="C:\Users\us-guest\.p2\pool\plugins\org.eclipse.justj.openjdk.hotspot.jre.full.win32.x86_64_15.0.1.v20201027-0507\jre"/>
    <property name="user.language" value="en"/>
    <property name="java.specification.vendor" value="Oracle Corporation"/>
    <property name="java.vm.info" value="mixed mode"/>
    <property name="java.version" value="15.0.1"/>
    <property name="java.vendor" value="Oracle Corporation"/>
    <property name="maven.home" value="C:\Users\us-guest\eclipse-workspace\apitestrestassured\EMBEDDED"/>
    <property name="file.separator" value="\"/>
    <property name="java.version.date" value="2020-10-20"/>
    <property name="java.vendor.url.bug" value="https://bugreport.java.com/bugreport/"/>
    <property name="sun.io.unicode.encoding" value="UnicodeLittle"/>
    <property name="sun.cpu.endian" value="little"/>
    <property name="sun.cpu.isalist" value="amd64"/>
  </properties>
  <testcase classname="search functionality" name="Do a search from home page" time="0.004">
    <skipped/>
  </testcase>
  <testcase classname="search functionality" name="Do a search from home page" time="0.004">
    <skipped/>
  </testcase>
  <testcase classname="search functionality" name="Do a search from home page" time="0.004">
    <skipped/>
  </testcase>
  <testcase classname="search functionality" name="Do a search from home page" time="0.004">
    <skipped/>
  </testcase>
  <testcase classname="search functionality" name="Do a search from home page" time="0.004">
    <skipped/>
  </testcase>
  <testcase classname="search functionality" name="Do a search from home page" time="0.004">
    <skipped/>
  </testcase>
  <testcase classname="search functionality" name="Do a search from home page" time="0.004">
    <skipped/>
  </testcase>
  <testcase classname="search functionality" name="Title of your scenario outline" time="0">
    <skipped/>
  </testcase>
  <testcase classname="search functionality" name="Title of your scenario outline" time="0">
    <skipped/>
  </testcase>
  <testcase classname="search functionality" name="Title of your scenario outline" time="0">
    <skipped/>
  </testcase>
  <testcase classname="search functionality" name="Title of your scenario outline" time="0">
    <skipped/>
  </testcase>
  <testcase classname="search functionality" name="Title of your scenario outline" time="0">
    <skipped/>
  </testcase>
  <testcase classname="search functionality" name="Title of your scenario outline" time="0">
    <skipped/>
  </testcase>
</testsuite>